{"numFailedTestSuites":0,"numFailedTests":0,"numPassedTestSuites":14,"numPassedTests":223,"numPendingTestSuites":0,"numPendingTests":0,"numRuntimeErrorTestSuites":0,"numTodoTests":0,"numTotalTestSuites":14,"numTotalTests":223,"openHandles":[],"snapshot":{"added":0,"didUpdate":false,"failure":false,"filesAdded":0,"filesRemoved":0,"filesRemovedList":[],"filesUnmatched":0,"filesUpdated":0,"matched":0,"total":0,"unchecked":0,"uncheckedKeysByFile":[],"unmatched":0,"updated":0},"startTime":1776350507227,"success":true,"testResults":[{"assertionResults":[{"ancestorTitles":["Sprint 2 — Survey Taking","SC3.1.1: Only one question is shown at a time — questions are ordered in the API"],"duration":228,"failureDetails":[],"failureMessages":[],"fullName":"Sprint 2 — Survey Taking SC3.1.1: Only one question is shown at a time — questions are ordered in the API GET /api/s/:slug returns questions sorted by order ascending","invocations":1,"location":null,"numPassingAsserts":12,"retryReasons":[],"status":"passed","title":"GET /api/s/:slug returns questions sorted by order ascending"},{"ancestorTitles":["Sprint 2 — Survey Taking","SC3.1.1: Only one question is shown at a time — questions are ordered in the API"],"duration":72,"failureDetails":[],"failureMessages":[],"fullName":"Sprint 2 — Survey Taking SC3.1.1: Only one question is shown at a time — questions are ordered in the API a published survey is accessible by its slug for respondents","invocations":1,"location":null,"numPassingAsserts":6,"retryReasons":[],"status":"passed","title":"a published survey is accessible by its slug for respondents"},{"ancestorTitles":["Sprint 2 — Survey Taking","SC3.1.1: Only one question is shown at a time — questions are ordered in the API"],"duration":43,"failureDetails":[],"failureMessages":[],"fullName":"Sprint 2 — Survey Taking SC3.1.1: Only one question is shown at a time — questions are ordered in the API a draft survey is accessible by slug (so creators can preview)","invocations":1,"location":null,"numPassingAsserts":4,"retryReasons":[],"status":"passed","title":"a draft survey is accessible by slug (so creators can preview)"},{"ancestorTitles":["Sprint 2 — Survey Taking","SC3.1.2: Pressing Enter / clicking Next advances to the next question"],"duration":45,"failureDetails":[],"failureMessages":[],"fullName":"Sprint 2 — Survey Taking SC3.1.2: Pressing Enter / clicking Next advances to the next question starting a response records the initial state (lastQuestionIndex=0)","invocations":1,"location":null,"numPassingAsserts":6,"retryReasons":[],"status":"passed","title":"starting a response records the initial state (lastQuestionIndex=0)"},{"ancestorTitles":["Sprint 2 — Survey Taking","SC3.1.2: Pressing Enter / clicking Next advances to the next question"],"duration":65,"failureDetails":[],"failureMessages":[],"fullName":"Sprint 2 — Survey Taking SC3.1.2: Pressing Enter / clicking Next advances to the next question saving an answer for each question allows sequential completion","invocations":1,"location":null,"numPassingAsserts":9,"retryReasons":[],"status":"passed","title":"saving an answer for each question allows sequential completion"},{"ancestorTitles":["Sprint 2 — Survey Taking","SC3.1.3: Progress bar shows 50% completion when on question 5 of 10"],"duration":130,"failureDetails":[],"failureMessages":[],"fullName":"Sprint 2 — Survey Taking SC3.1.3: Progress bar shows 50% completion when on question 5 of 10 progress can be calculated as ((currentIndex+1)/total)*100 from the questions array","invocations":1,"location":null,"numPassingAsserts":14,"retryReasons":[],"status":"passed","title":"progress can be calculated as ((currentIndex+1)/total)*100 from the questions array"},{"ancestorTitles":["Sprint 2 — Survey Taking","SC3.1.3: Progress bar shows 50% completion when on question 5 of 10"],"duration":211,"failureDetails":[],"failureMessages":[],"fullName":"Sprint 2 — Survey Taking SC3.1.3: Progress bar shows 50% completion when on question 5 of 10 questions are returned in ascending order so the UI can show the correct index","invocations":1,"location":null,"numPassingAsserts":21,"retryReasons":[],"status":"passed","title":"questions are returned in ascending order so the UI can show the correct index"},{"ancestorTitles":["Sprint 2 — Survey Taking","SC3.2.1: Pressing Enter advances to the next question"],"duration":58,"failureDetails":[],"failureMessages":[],"fullName":"Sprint 2 — Survey Taking SC3.2.1: Pressing Enter advances to the next question the API supports storing answers per question (enabling Enter-to-advance)","invocations":1,"location":null,"numPassingAsserts":9,"retryReasons":[],"status":"passed","title":"the API supports storing answers per question (enabling Enter-to-advance)"},{"ancestorTitles":["Sprint 2 — Survey Taking","SC3.2.2: Pressing 1/2/3/4 selects the corresponding option on a single-choice question"],"duration":54,"failureDetails":[],"failureMessages":[],"fullName":"Sprint 2 — Survey Taking SC3.2.2: Pressing 1/2/3/4 selects the corresponding option on a single-choice question a single_choice question exposes ordered options for keyboard shortcut mapping","invocations":1,"location":null,"numPassingAsserts":10,"retryReasons":[],"status":"passed","title":"a single_choice question exposes ordered options for keyboard shortcut mapping"},{"ancestorTitles":["Sprint 2 — Survey Taking","SC3.2.3: Pressing Shift+Tab or Up Arrow goes back to the previous question"],"duration":71,"failureDetails":[],"failureMessages":[],"fullName":"Sprint 2 — Survey Taking SC3.2.3: Pressing Shift+Tab or Up Arrow goes back to the previous question questions have contiguous order values enabling back navigation by index decrement","invocations":1,"location":null,"numPassingAsserts":6,"retryReasons":[],"status":"passed","title":"questions have contiguous order values enabling back navigation by index decrement"},{"ancestorTitles":["Sprint 2 — Survey Taking","SC3.2.3: Pressing Shift+Tab or Up Arrow goes back to the previous question"],"duration":79,"failureDetails":[],"failureMessages":[],"fullName":"Sprint 2 — Survey Taking SC3.2.3: Pressing Shift+Tab or Up Arrow goes back to the previous question a saved answer for a prior question is retrievable when going back","invocations":1,"location":null,"numPassingAsserts":7,"retryReasons":[],"status":"passed","title":"a saved answer for a prior question is retrievable when going back"},{"ancestorTitles":["Sprint 2 — Survey Taking","SC3.5.1: Advancing plays a forward slide/fade transition (data prerequisite)"],"duration":57,"failureDetails":[],"failureMessages":[],"fullName":"Sprint 2 — Survey Taking SC3.5.1: Advancing plays a forward slide/fade transition (data prerequisite) survey questions are fully accessible in a single API call to enable pre-loading","invocations":1,"location":null,"numPassingAsserts":6,"retryReasons":[],"status":"passed","title":"survey questions are fully accessible in a single API call to enable pre-loading"},{"ancestorTitles":["Sprint 2 — Survey Taking","SC3.5.2: Going back plays a reversed animation (data prerequisite)"],"duration":59,"failureDetails":[],"failureMessages":[],"fullName":"Sprint 2 — Survey Taking SC3.5.2: Going back plays a reversed animation (data prerequisite) order field allows computing animation direction (current - previous sign)","invocations":1,"location":null,"numPassingAsserts":6,"retryReasons":[],"status":"passed","title":"order field allows computing animation direction (current - previous sign)"},{"ancestorTitles":["Sprint 2 — Survey Taking","SC3.5.3: prefers-reduced-motion disables animations (UI behaviour; data is still served)"],"duration":44,"failureDetails":[],"failureMessages":[],"fullName":"Sprint 2 — Survey Taking SC3.5.3: prefers-reduced-motion disables animations (UI behaviour; data is still served) survey data is returned identically regardless of client animation preference","invocations":1,"location":null,"numPassingAsserts":7,"retryReasons":[],"status":"passed","title":"survey data is returned identically regardless of client animation preference"},{"ancestorTitles":["Sprint 2 — Survey Taking","SC3.5.3: prefers-reduced-motion disables animations (UI behaviour; data is still served)"],"duration":44,"failureDetails":[],"failureMessages":[],"fullName":"Sprint 2 — Survey Taking SC3.5.3: prefers-reduced-motion disables animations (UI behaviour; data is still served) response tracking works the same regardless of animation preferences","invocations":1,"location":null,"numPassingAsserts":6,"retryReasons":[],"status":"passed","title":"response tracking works the same regardless of animation preferences"},{"ancestorTitles":["Sprint 2 — Survey Taking","Cross-cutting: full one-question-at-a-time respondent session"],"duration":155,"failureDetails":[],"failureMessages":[],"fullName":"Sprint 2 — Survey Taking Cross-cutting: full one-question-at-a-time respondent session completes a full session: start → answer each question → complete","invocations":1,"location":null,"numPassingAsserts":21,"retryReasons":[],"status":"passed","title":"completes a full session: start → answer each question → complete"}],"endTime":1776350516328,"message":"","name":"/home/runner/work/interactive-surveys/interactive-surveys/tests/sprint-2/survey-taking.test.ts","startTime":1776350507733,"status":"passed","summary":""},{"assertionResults":[{"ancestorTitles":["Sprint 2 — Question Types","SC2.2.1: Long text question supports multi-line input"],"duration":188,"failureDetails":[],"failureMessages":[],"fullName":"Sprint 2 — Question Types SC2.2.1: Long text question supports multi-line input creates a long_text question and returns type=long_text","invocations":1,"location":null,"numPassingAsserts":3,"retryReasons":[],"status":"passed","title":"creates a long_text question and returns type=long_text"},{"ancestorTitles":["Sprint 2 — Question Types","SC2.2.1: Long text question supports multi-line input"],"duration":28,"failureDetails":[],"failureMessages":[],"fullName":"Sprint 2 — Question Types SC2.2.1: Long text question supports multi-line input long_text question has no charLimit by default","invocations":1,"location":null,"numPassingAsserts":3,"retryReasons":[],"status":"passed","title":"long_text question has no charLimit by default"},{"ancestorTitles":["Sprint 2 — Question Types","SC2.2.2: A 500-character limit is stored and surfaced to the respondent"],"duration":47,"failureDetails":[],"failureMessages":[],"fullName":"Sprint 2 — Question Types SC2.2.2: A 500-character limit is stored and surfaced to the respondent charLimit=500 is persisted on the question record","invocations":1,"location":null,"numPassingAsserts":3,"retryReasons":[],"status":"passed","title":"charLimit=500 is persisted on the question record"},{"ancestorTitles":["Sprint 2 — Question Types","SC2.2.2: A 500-character limit is stored and surfaced to the respondent"],"duration":72,"failureDetails":[],"failureMessages":[],"fullName":"Sprint 2 — Question Types SC2.2.2: A 500-character limit is stored and surfaced to the respondent the charLimit is readable from GET /questions","invocations":1,"location":null,"numPassingAsserts":4,"retryReasons":[],"status":"passed","title":"the charLimit is readable from GET /questions"},{"ancestorTitles":["Sprint 2 — Question Types","SC2.2.3: A long text question with no limit accepts answers of any length"],"duration":37,"failureDetails":[],"failureMessages":[],"fullName":"Sprint 2 — Question Types SC2.2.3: A long text question with no limit accepts answers of any length saves a 600-character answer without error","invocations":1,"location":null,"numPassingAsserts":6,"retryReasons":[],"status":"passed","title":"saves a 600-character answer without error"},{"ancestorTitles":["Sprint 2 — Question Types","SC2.2.3: A long text question with no limit accepts answers of any length"],"duration":39,"failureDetails":[],"failureMessages":[],"fullName":"Sprint 2 — Question Types SC2.2.3: A long text question with no limit accepts answers of any length saves a 2000-character answer without error","invocations":1,"location":null,"numPassingAsserts":5,"retryReasons":[],"status":"passed","title":"saves a 2000-character answer without error"},{"ancestorTitles":["Sprint 2 — Question Types","SC2.4.1: A respondent can select 3 options for a multiple choice question"],"duration":46,"failureDetails":[],"failureMessages":[],"fullName":"Sprint 2 — Question Types SC2.4.1: A respondent can select 3 options for a multiple choice question saves an answer with selectedOptions containing all 3 chosen values","invocations":1,"location":null,"numPassingAsserts":6,"retryReasons":[],"status":"passed","title":"saves an answer with selectedOptions containing all 3 chosen values"},{"ancestorTitles":["Sprint 2 — Question Types","SC2.4.2: maxSelections is stored so the UI can enforce \"Select at most N\""],"duration":42,"failureDetails":[],"failureMessages":[],"fullName":"Sprint 2 — Question Types SC2.4.2: maxSelections is stored so the UI can enforce \"Select at most N\" creates a multiple_choice question with maxSelections=2 persisted","invocations":1,"location":null,"numPassingAsserts":3,"retryReasons":[],"status":"passed","title":"creates a multiple_choice question with maxSelections=2 persisted"},{"ancestorTitles":["Sprint 2 — Question Types","SC2.4.2: maxSelections is stored so the UI can enforce \"Select at most N\""],"duration":40,"failureDetails":[],"failureMessages":[],"fullName":"Sprint 2 — Question Types SC2.4.2: maxSelections is stored so the UI can enforce \"Select at most N\" the maxSelections value is readable from GET /questions","invocations":1,"location":null,"numPassingAsserts":3,"retryReasons":[],"status":"passed","title":"the maxSelections value is readable from GET /questions"},{"ancestorTitles":["Sprint 2 — Question Types","SC2.4.3: minSelections is stored so the UI can enforce \"Select at least N\""],"duration":43,"failureDetails":[],"failureMessages":[],"fullName":"Sprint 2 — Question Types SC2.4.3: minSelections is stored so the UI can enforce \"Select at least N\" creates a multiple_choice question with minSelections=1 persisted","invocations":1,"location":null,"numPassingAsserts":3,"retryReasons":[],"status":"passed","title":"creates a multiple_choice question with minSelections=1 persisted"},{"ancestorTitles":["Sprint 2 — Question Types","SC2.4.3: minSelections is stored so the UI can enforce \"Select at least N\""],"duration":25,"failureDetails":[],"failureMessages":[],"fullName":"Sprint 2 — Question Types SC2.4.3: minSelections is stored so the UI can enforce \"Select at least N\" creates a question with both minSelections and maxSelections","invocations":1,"location":null,"numPassingAsserts":4,"retryReasons":[],"status":"passed","title":"creates a question with both minSelections and maxSelections"},{"ancestorTitles":["Sprint 2 — Question Types","SC2.5.1: Clicking the 4th star on a 5-star rating saves numericValue=4"],"duration":33,"failureDetails":[],"failureMessages":[],"fullName":"Sprint 2 — Question Types SC2.5.1: Clicking the 4th star on a 5-star rating saves numericValue=4 saves a star-rating answer with numericValue=4","invocations":1,"location":null,"numPassingAsserts":5,"retryReasons":[],"status":"passed","title":"saves a star-rating answer with numericValue=4"},{"ancestorTitles":["Sprint 2 — Question Types","SC2.5.1: Clicking the 4th star on a 5-star rating saves numericValue=4"],"duration":22,"failureDetails":[],"failureMessages":[],"fullName":"Sprint 2 — Question Types SC2.5.1: Clicking the 4th star on a 5-star rating saves numericValue=4 the ratingStyle=stars and ratingMax=5 are stored on the question","invocations":1,"location":null,"numPassingAsserts":4,"retryReasons":[],"status":"passed","title":"the ratingStyle=stars and ratingMax=5 are stored on the question"},{"ancestorTitles":["Sprint 2 — Question Types","SC2.5.2: Clicking 7 on a 1-10 numeric scale saves numericValue=7"],"duration":34,"failureDetails":[],"failureMessages":[],"fullName":"Sprint 2 — Question Types SC2.5.2: Clicking 7 on a 1-10 numeric scale saves numericValue=7 saves a numeric-scale answer with numericValue=7","invocations":1,"location":null,"numPassingAsserts":5,"retryReasons":[],"status":"passed","title":"saves a numeric-scale answer with numericValue=7"},{"ancestorTitles":["Sprint 2 — Question Types","SC2.5.2: Clicking 7 on a 1-10 numeric scale saves numericValue=7"],"duration":25,"failureDetails":[],"failureMessages":[],"fullName":"Sprint 2 — Question Types SC2.5.2: Clicking 7 on a 1-10 numeric scale saves numericValue=7 ratingMax=10 is persisted on the numeric scale question","invocations":1,"location":null,"numPassingAsserts":3,"retryReasons":[],"status":"passed","title":"ratingMax=10 is persisted on the numeric scale question"},{"ancestorTitles":["Sprint 2 — Question Types","SC2.5.3: Hovering over a star shows a preview highlight (ratingStyle stored)"],"duration":25,"failureDetails":[],"failureMessages":[],"fullName":"Sprint 2 — Question Types SC2.5.3: Hovering over a star shows a preview highlight (ratingStyle stored) creates a rating question with ratingStyle=emoji and stores it","invocations":1,"location":null,"numPassingAsserts":3,"retryReasons":[],"status":"passed","title":"creates a rating question with ratingStyle=emoji and stores it"},{"ancestorTitles":["Sprint 2 — Question Types","SC2.5.3: Hovering over a star shows a preview highlight (ratingStyle stored)"],"duration":39,"failureDetails":[],"failureMessages":[],"fullName":"Sprint 2 — Question Types SC2.5.3: Hovering over a star shows a preview highlight (ratingStyle stored) each ratingStyle variant (stars/numeric/emoji) is stored correctly","invocations":1,"location":null,"numPassingAsserts":7,"retryReasons":[],"status":"passed","title":"each ratingStyle variant (stars/numeric/emoji) is stored correctly"},{"ancestorTitles":["Sprint 2 — Question Types","SC2.7.1: A dropdown with many options stores all of them"],"duration":46,"failureDetails":[],"failureMessages":[],"fullName":"Sprint 2 — Question Types SC2.7.1: A dropdown with many options stores all of them creates a dropdown question with 50 options and all are persisted","invocations":1,"location":null,"numPassingAsserts":5,"retryReasons":[],"status":"passed","title":"creates a dropdown question with 50 options and all are persisted"},{"ancestorTitles":["Sprint 2 — Question Types","SC2.7.1: A dropdown with many options stores all of them"],"duration":36,"failureDetails":[],"failureMessages":[],"fullName":"Sprint 2 — Question Types SC2.7.1: A dropdown with many options stores all of them options are returned in insertion order","invocations":1,"location":null,"numPassingAsserts":3,"retryReasons":[],"status":"passed","title":"options are returned in insertion order"},{"ancestorTitles":["Sprint 2 — Question Types","SC2.7.2: A dropdown with 10+ options can be made searchable"],"duration":28,"failureDetails":[],"failureMessages":[],"fullName":"Sprint 2 — Question Types SC2.7.2: A dropdown with 10+ options can be made searchable creates a dropdown question with searchable=true persisted","invocations":1,"location":null,"numPassingAsserts":3,"retryReasons":[],"status":"passed","title":"creates a dropdown question with searchable=true persisted"},{"ancestorTitles":["Sprint 2 — Question Types","SC2.7.2: A dropdown with 10+ options can be made searchable"],"duration":25,"failureDetails":[],"failureMessages":[],"fullName":"Sprint 2 — Question Types SC2.7.2: A dropdown with 10+ options can be made searchable a non-searchable dropdown has searchable=false","invocations":1,"location":null,"numPassingAsserts":3,"retryReasons":[],"status":"passed","title":"a non-searchable dropdown has searchable=false"},{"ancestorTitles":["Sprint 2 — Question Types","SC2.7.3: Selecting a dropdown option closes the dropdown and stores the value"],"duration":36,"failureDetails":[],"failureMessages":[],"fullName":"Sprint 2 — Question Types SC2.7.3: Selecting a dropdown option closes the dropdown and stores the value saves an answer with the selected option value","invocations":1,"location":null,"numPassingAsserts":6,"retryReasons":[],"status":"passed","title":"saves an answer with the selected option value"},{"ancestorTitles":["Sprint 2 — Question Types","SC2.7.3: Selecting a dropdown option closes the dropdown and stores the value"],"duration":43,"failureDetails":[],"failureMessages":[],"fullName":"Sprint 2 — Question Types SC2.7.3: Selecting a dropdown option closes the dropdown and stores the value saves a dropdown answer using the option text as value","invocations":1,"location":null,"numPassingAsserts":5,"retryReasons":[],"status":"passed","title":"saves a dropdown answer using the option text as value"},{"ancestorTitles":["Sprint 2 — Question Types","Cross-cutting: completing a response with mixed question types"],"duration":162,"failureDetails":[],"failureMessages":[],"fullName":"Sprint 2 — Question Types Cross-cutting: completing a response with mixed question types allows completing a response after saving answers to multiple question types","invocations":1,"location":null,"numPassingAsserts":12,"retryReasons":[],"status":"passed","title":"allows completing a response after saving answers to multiple question types"}],"endTime":1776350516536,"message":"","name":"/home/runner/work/interactive-surveys/interactive-surveys/tests/sprint-2/question-types.test.ts","startTime":1776350507822,"status":"passed","summary":""},{"assertionResults":[{"ancestorTitles":["Sprint 2 — Question Builder","SC1.3.1: Clicking a question text makes it editable and changes are saved"],"duration":198,"failureDetails":[],"failureMessages":[],"fullName":"Sprint 2 — Question Builder SC1.3.1: Clicking a question text makes it editable and changes are saved PATCH /questions/:qid updates the question title and returns the updated resource","invocations":1,"location":null,"numPassingAsserts":5,"retryReasons":[],"status":"passed","title":"PATCH /questions/:qid updates the question title and returns the updated resource"},{"ancestorTitles":["Sprint 2 — Question Builder","SC1.3.2: Adding/removing/reordering options updates in real-time"],"duration":55,"failureDetails":[],"failureMessages":[],"fullName":"Sprint 2 — Question Builder SC1.3.2: Adding/removing/reordering options updates in real-time PATCH with a new options array replaces existing options","invocations":1,"location":null,"numPassingAsserts":5,"retryReasons":[],"status":"passed","title":"PATCH with a new options array replaces existing options"},{"ancestorTitles":["Sprint 2 — Question Builder","SC1.3.2: Adding/removing/reordering options updates in real-time"],"duration":54,"failureDetails":[],"failureMessages":[],"fullName":"Sprint 2 — Question Builder SC1.3.2: Adding/removing/reordering options updates in real-time PATCH removing an option reduces the option count","invocations":1,"location":null,"numPassingAsserts":5,"retryReasons":[],"status":"passed","title":"PATCH removing an option reduces the option count"},{"ancestorTitles":["Sprint 2 — Question Builder","SC1.3.3: Clicking outside or pressing Escape saves the edit automatically"],"duration":48,"failureDetails":[],"failureMessages":[],"fullName":"Sprint 2 — Question Builder SC1.3.3: Clicking outside or pressing Escape saves the edit automatically a subsequent GET returns the PATCH-ed title (edit is persisted)","invocations":1,"location":null,"numPassingAsserts":4,"retryReasons":[],"status":"passed","title":"a subsequent GET returns the PATCH-ed title (edit is persisted)"},{"ancestorTitles":["Sprint 2 — Question Builder","SC1.5.1: Clicking delete and confirming removes the question"],"duration":67,"failureDetails":[],"failureMessages":[],"fullName":"Sprint 2 — Question Builder SC1.5.1: Clicking delete and confirming removes the question DELETE /questions/:qid returns success and the question is no longer in GET","invocations":1,"location":null,"numPassingAsserts":7,"retryReasons":[],"status":"passed","title":"DELETE /questions/:qid returns success and the question is no longer in GET"},{"ancestorTitles":["Sprint 2 — Question Builder","SC1.5.1: Clicking delete and confirming removes the question"],"duration":63,"failureDetails":[],"failureMessages":[],"fullName":"Sprint 2 — Question Builder SC1.5.1: Clicking delete and confirming removes the question remaining questions are re-indexed starting from 0 after a deletion","invocations":1,"location":null,"numPassingAsserts":6,"retryReasons":[],"status":"passed","title":"remaining questions are re-indexed starting from 0 after a deletion"},{"ancestorTitles":["Sprint 2 — Question Builder","SC1.5.2: Deleting the only question shows an empty state"],"duration":34,"failureDetails":[],"failureMessages":[],"fullName":"Sprint 2 — Question Builder SC1.5.2: Deleting the only question shows an empty state GET /questions returns an empty array after deleting the last question","invocations":1,"location":null,"numPassingAsserts":4,"retryReasons":[],"status":"passed","title":"GET /questions returns an empty array after deleting the last question"},{"ancestorTitles":["Sprint 2 — Question Builder","SC1.5.3: Cancelling the confirmation dialog does not remove the question"],"duration":26,"failureDetails":[],"failureMessages":[],"fullName":"Sprint 2 — Question Builder SC1.5.3: Cancelling the confirmation dialog does not remove the question question still exists when DELETE is never called (cancel scenario)","invocations":1,"location":null,"numPassingAsserts":4,"retryReasons":[],"status":"passed","title":"question still exists when DELETE is never called (cancel scenario)"},{"ancestorTitles":["Sprint 2 — Question Builder","SC1.6.1: Duplicating copies the type, text, and options"],"duration":46,"failureDetails":[],"failureMessages":[],"fullName":"Sprint 2 — Question Builder SC1.6.1: Duplicating copies the type, text, and options POST /duplicate returns a copy with the same type, title root, and options","invocations":1,"location":null,"numPassingAsserts":9,"retryReasons":[],"status":"passed","title":"POST /duplicate returns a copy with the same type, title root, and options"},{"ancestorTitles":["Sprint 2 — Question Builder","SC1.6.1: Duplicating copies the type, text, and options"],"duration":40,"failureDetails":[],"failureMessages":[],"fullName":"Sprint 2 — Question Builder SC1.6.1: Duplicating copies the type, text, and options the duplicated question appears in the questions list","invocations":1,"location":null,"numPassingAsserts":3,"retryReasons":[],"status":"passed","title":"the duplicated question appears in the questions list"},{"ancestorTitles":["Sprint 2 — Question Builder","SC1.6.2: Duplicating a question with conditional logic does NOT copy the logic rules"],"duration":53,"failureDetails":[],"failureMessages":[],"fullName":"Sprint 2 — Question Builder SC1.6.2: Duplicating a question with conditional logic does NOT copy the logic rules the duplicated question has no logic rules in the database","invocations":1,"location":null,"numPassingAsserts":6,"retryReasons":[],"status":"passed","title":"the duplicated question has no logic rules in the database"},{"ancestorTitles":["Sprint 2 — Question Builder","SC1.6.3: The duplicated question title is suffixed with \"(copy)\""],"duration":42,"failureDetails":[],"failureMessages":[],"fullName":"Sprint 2 — Question Builder SC1.6.3: The duplicated question title is suffixed with \"(copy)\" POST /duplicate returns a question whose title ends with \" (copy)\"","invocations":1,"location":null,"numPassingAsserts":4,"retryReasons":[],"status":"passed","title":"POST /duplicate returns a question whose title ends with \" (copy)\""},{"ancestorTitles":["Sprint 2 — Question Builder","SC1.6.3: The duplicated question title is suffixed with \"(copy)\""],"duration":51,"failureDetails":[],"failureMessages":[],"fullName":"Sprint 2 — Question Builder SC1.6.3: The duplicated question title is suffixed with \"(copy)\" duplicating a copy appends another \"(copy)\" suffix","invocations":1,"location":null,"numPassingAsserts":4,"retryReasons":[],"status":"passed","title":"duplicating a copy appends another \"(copy)\" suffix"},{"ancestorTitles":["Sprint 2 — Question Builder","SC1.8.1: Publishing a survey with questions makes it live with a shareable link"],"duration":59,"failureDetails":[],"failureMessages":[],"fullName":"Sprint 2 — Question Builder SC1.8.1: Publishing a survey with questions makes it live with a shareable link POST /publish returns status=live and a non-empty slug","invocations":1,"location":null,"numPassingAsserts":6,"retryReasons":[],"status":"passed","title":"POST /publish returns status=live and a non-empty slug"},{"ancestorTitles":["Sprint 2 — Question Builder","SC1.8.1: Publishing a survey with questions makes it live with a shareable link"],"duration":71,"failureDetails":[],"failureMessages":[],"fullName":"Sprint 2 — Question Builder SC1.8.1: Publishing a survey with questions makes it live with a shareable link the published survey is accessible by its slug","invocations":1,"location":null,"numPassingAsserts":4,"retryReasons":[],"status":"passed","title":"the published survey is accessible by its slug"},{"ancestorTitles":["Sprint 2 — Question Builder","SC1.8.2: Trying to publish a survey with no questions returns an error"],"duration":26,"failureDetails":[],"failureMessages":[],"fullName":"Sprint 2 — Question Builder SC1.8.2: Trying to publish a survey with no questions returns an error POST /publish returns 400 with the expected error message","invocations":1,"location":null,"numPassingAsserts":3,"retryReasons":[],"status":"passed","title":"POST /publish returns 400 with the expected error message"},{"ancestorTitles":["Sprint 2 — Question Builder","SC1.8.3: Republishing after edits pushes changes live again"],"duration":44,"failureDetails":[],"failureMessages":[],"fullName":"Sprint 2 — Question Builder SC1.8.3: Republishing after edits pushes changes live again POST /publish on an already-live survey succeeds and status stays live","invocations":1,"location":null,"numPassingAsserts":6,"retryReasons":[],"status":"passed","title":"POST /publish on an already-live survey succeeds and status stays live"}],"endTime":1776350516591,"message":"","name":"/home/runner/work/interactive-surveys/interactive-surveys/tests/sprint-2/question-builder.test.ts","startTime":1776350507797,"status":"passed","summary":""},{"assertionResults":[{"ancestorTitles":["SC8.1.1 – email sign-up: verification token is created and user record is written"],"duration":106,"failureDetails":[],"failureMessages":[],"fullName":"SC8.1.1 – email sign-up: verification token is created and user record is written creates a VerificationToken for the email (simulates magic-link dispatch)","invocations":1,"location":null,"numPassingAsserts":3,"retryReasons":[],"status":"passed","title":"creates a VerificationToken for the email (simulates magic-link dispatch)"},{"ancestorTitles":["SC8.1.1 – email sign-up: verification token is created and user record is written"],"duration":80,"failureDetails":[],"failureMessages":[],"fullName":"SC8.1.1 – email sign-up: verification token is created and user record is written upserts the User record when the magic link is clicked (NextAuth signIn callback)","invocations":1,"location":null,"numPassingAsserts":3,"retryReasons":[],"status":"passed","title":"upserts the User record when the magic link is clicked (NextAuth signIn callback)"},{"ancestorTitles":["SC8.1.2 – OAuth (Google) sign-up: account is created and user lands on dashboard"],"duration":84,"failureDetails":[],"failureMessages":[],"fullName":"SC8.1.2 – OAuth (Google) sign-up: account is created and user lands on dashboard creates a User with authProvider=google and links an Account record","invocations":1,"location":null,"numPassingAsserts":3,"retryReasons":[],"status":"passed","title":"creates a User with authProvider=google and links an Account record"},{"ancestorTitles":["SC8.1.3 – duplicate email: \"An account with this email already exists\""],"duration":72,"failureDetails":[],"failureMessages":[],"fullName":"SC8.1.3 – duplicate email: \"An account with this email already exists\" check-email query returns the existing user when the email is already registered","invocations":1,"location":null,"numPassingAsserts":2,"retryReasons":[],"status":"passed","title":"check-email query returns the existing user when the email is already registered"},{"ancestorTitles":["SC8.1.3 – duplicate email: \"An account with this email already exists\""],"duration":111,"failureDetails":[],"failureMessages":[],"fullName":"SC8.1.3 – duplicate email: \"An account with this email already exists\" check-email query returns null for an unregistered address","invocations":1,"location":null,"numPassingAsserts":1,"retryReasons":[],"status":"passed","title":"check-email query returns null for an unregistered address"},{"ancestorTitles":["SC8.2.1 – magic-link login: VerificationToken is created for the email"],"duration":119,"failureDetails":[],"failureMessages":[],"fullName":"SC8.2.1 – magic-link login: VerificationToken is created for the email stores a VerificationToken that expires in the future","invocations":1,"location":null,"numPassingAsserts":2,"retryReasons":[],"status":"passed","title":"stores a VerificationToken that expires in the future"},{"ancestorTitles":["SC8.2.2 – magic-link click: Session is created and user is authenticated"],"duration":78,"failureDetails":[],"failureMessages":[],"fullName":"SC8.2.2 – magic-link click: Session is created and user is authenticated creates a Session linked to the user after verification","invocations":1,"location":null,"numPassingAsserts":2,"retryReasons":[],"status":"passed","title":"creates a Session linked to the user after verification"},{"ancestorTitles":["SC8.2.3 – GitHub OAuth login: user is authenticated with github provider"],"duration":106,"failureDetails":[],"failureMessages":[],"fullName":"SC8.2.3 – GitHub OAuth login: user is authenticated with github provider creates a User with authProvider=github and an Account for the provider","invocations":1,"location":null,"numPassingAsserts":2,"retryReasons":[],"status":"passed","title":"creates a User with authProvider=github and an Account for the provider"},{"ancestorTitles":["SC8.3.1 – dashboard shows all 5 surveys with title, response count, status, last edited"],"duration":107,"failureDetails":[],"failureMessages":[],"fullName":"SC8.3.1 – dashboard shows all 5 surveys with title, response count, status, last edited returns all 5 surveys for the authenticated user in updatedAt desc order","invocations":1,"location":null,"numPassingAsserts":21,"retryReasons":[],"status":"passed","title":"returns all 5 surveys for the authenticated user in updatedAt desc order"},{"ancestorTitles":["SC8.3.2 – dashboard empty state: \"Create your first survey\" button shown"],"duration":85,"failureDetails":[],"failureMessages":[],"fullName":"SC8.3.2 – dashboard empty state: \"Create your first survey\" button shown returns an empty array when the user has no surveys","invocations":1,"location":null,"numPassingAsserts":1,"retryReasons":[],"status":"passed","title":"returns an empty array when the user has no surveys"},{"ancestorTitles":["SC8.3.3 – clicking a survey card opens the builder for that survey"],"duration":92,"failureDetails":[],"failureMessages":[],"fullName":"SC8.3.3 – clicking a survey card opens the builder for that survey survey is retrievable by id and userId (the query the builder page runs)","invocations":1,"location":null,"numPassingAsserts":3,"retryReasons":[],"status":"passed","title":"survey is retrievable by id and userId (the query the builder page runs)"},{"ancestorTitles":["SC8.4.1 – clicking Logout ends the session"],"duration":86,"failureDetails":[],"failureMessages":[],"fullName":"SC8.4.1 – clicking Logout ends the session deletes the session record so subsequent lookups find nothing","invocations":1,"location":null,"numPassingAsserts":1,"retryReasons":[],"status":"passed","title":"deletes the session record so subsequent lookups find nothing"},{"ancestorTitles":["SC8.4.2 – logged-out user accessing the dashboard URL is redirected to login"],"duration":88,"failureDetails":[],"failureMessages":[],"fullName":"SC8.4.2 – logged-out user accessing the dashboard URL is redirected to login Next.js middleware is configured to protect /dashboard and /surveys paths","invocations":1,"location":null,"numPassingAsserts":3,"retryReasons":[],"status":"passed","title":"Next.js middleware is configured to protect /dashboard and /surveys paths"},{"ancestorTitles":["SC8.4.2 – logged-out user accessing the dashboard URL is redirected to login"],"duration":68,"failureDetails":[],"failureMessages":[],"fullName":"SC8.4.2 – logged-out user accessing the dashboard URL is redirected to login survey API route returns 401 when getServerSession finds no session","invocations":1,"location":null,"numPassingAsserts":3,"retryReasons":[],"status":"passed","title":"survey API route returns 401 when getServerSession finds no session"},{"ancestorTitles":["SC8.4.3 – expired session: user is prompted to log in again"],"duration":80,"failureDetails":[],"failureMessages":[],"fullName":"SC8.4.3 – expired session: user is prompted to log in again stores an expires timestamp so the adapter can reject stale sessions","invocations":1,"location":null,"numPassingAsserts":1,"retryReasons":[],"status":"passed","title":"stores an expires timestamp so the adapter can reject stale sessions"}],"endTime":1776350524665,"message":"","name":"/home/runner/work/interactive-surveys/interactive-surveys/tests/sprint-1/auth.test.ts","startTime":1776350516545,"status":"passed","summary":""},{"assertionResults":[{"ancestorTitles":["SC2.1.1 – respondent types an answer and presses Enter: answer is saved"],"duration":93,"failureDetails":[],"failureMessages":[],"fullName":"SC2.1.1 – respondent types an answer and presses Enter: answer is saved stores a text Answer linked to the short_text question and response","invocations":1,"location":null,"numPassingAsserts":3,"retryReasons":[],"status":"passed","title":"stores a text Answer linked to the short_text question and response"},{"ancestorTitles":["SC2.1.1 – respondent types an answer and presses Enter: answer is saved"],"duration":71,"failureDetails":[],"failureMessages":[],"fullName":"SC2.1.1 – respondent types an answer and presses Enter: answer is saved completing the response transitions status to \"complete\" and sets completedAt","invocations":1,"location":null,"numPassingAsserts":2,"retryReasons":[],"status":"passed","title":"completing the response transitions status to \"complete\" and sets completedAt"},{"ancestorTitles":["SC2.1.2 – email validation: respondent sees an error for an invalid email"],"duration":91,"failureDetails":[],"failureMessages":[],"fullName":"SC2.1.2 – email validation: respondent sees an error for an invalid email stores the email ValidationRule on the short_text question","invocations":1,"location":null,"numPassingAsserts":1,"retryReasons":[],"status":"passed","title":"stores the email ValidationRule on the short_text question"},{"ancestorTitles":["SC2.1.2 – email validation: respondent sees an error for an invalid email"],"duration":84,"failureDetails":[],"failureMessages":[],"fullName":"SC2.1.2 – email validation: respondent sees an error for an invalid email all ValidationRule enum values are stored in the schema","invocations":1,"location":null,"numPassingAsserts":4,"retryReasons":[],"status":"passed","title":"all ValidationRule enum values are stored in the schema"},{"ancestorTitles":["SC2.1.3 – placeholder text appears in the input field"],"duration":86,"failureDetails":[],"failureMessages":[],"fullName":"SC2.1.3 – placeholder text appears in the input field stores a non-null placeholder on the question","invocations":1,"location":null,"numPassingAsserts":1,"retryReasons":[],"status":"passed","title":"stores a non-null placeholder on the question"},{"ancestorTitles":["SC2.1.3 – placeholder text appears in the input field"],"duration":87,"failureDetails":[],"failureMessages":[],"fullName":"SC2.1.3 – placeholder text appears in the input field placeholder defaults to null when not provided","invocations":1,"location":null,"numPassingAsserts":1,"retryReasons":[],"status":"passed","title":"placeholder defaults to null when not provided"},{"ancestorTitles":["SC2.3.1 – respondent clicks option B: it is selected and others are deselected"],"duration":112,"failureDetails":[],"failureMessages":[],"fullName":"SC2.3.1 – respondent clicks option B: it is selected and others are deselected creates a single_choice question with 4 QuestionOptions","invocations":1,"location":null,"numPassingAsserts":3,"retryReasons":[],"status":"passed","title":"creates a single_choice question with 4 QuestionOptions"},{"ancestorTitles":["SC2.3.1 – respondent clicks option B: it is selected and others are deselected"],"duration":87,"failureDetails":[],"failureMessages":[],"fullName":"SC2.3.1 – respondent clicks option B: it is selected and others are deselected stores the selected option id in the Answer.selectedOptions JSON field","invocations":1,"location":null,"numPassingAsserts":1,"retryReasons":[],"status":"passed","title":"stores the selected option id in the Answer.selectedOptions JSON field"},{"ancestorTitles":["SC2.3.2 – pressing number key 2 selects the second option (keyboard shortcut)"],"duration":79,"failureDetails":[],"failureMessages":[],"fullName":"SC2.3.2 – pressing number key 2 selects the second option (keyboard shortcut) each QuestionOption has an order field that maps to a keyboard index","invocations":1,"location":null,"numPassingAsserts":2,"retryReasons":[],"status":"passed","title":"each QuestionOption has an order field that maps to a keyboard index"},{"ancestorTitles":["SC2.3.3 – selecting \"Other\" reveals a text input for a custom answer"],"duration":85,"failureDetails":[],"failureMessages":[],"fullName":"SC2.3.3 – selecting \"Other\" reveals a text input for a custom answer allowOther=true is stored on the single_choice question","invocations":1,"location":null,"numPassingAsserts":1,"retryReasons":[],"status":"passed","title":"allowOther=true is stored on the single_choice question"},{"ancestorTitles":["SC2.3.3 – selecting \"Other\" reveals a text input for a custom answer"],"duration":86,"failureDetails":[],"failureMessages":[],"fullName":"SC2.3.3 – selecting \"Other\" reveals a text input for a custom answer custom \"Other\" text is saved in Answer.value alongside selectedOptions","invocations":1,"location":null,"numPassingAsserts":1,"retryReasons":[],"status":"passed","title":"custom \"Other\" text is saved in Answer.value alongside selectedOptions"},{"ancestorTitles":["SC2.6.1 – respondent clicks Yes: it is selected and highlighted"],"duration":80,"failureDetails":[],"failureMessages":[],"fullName":"SC2.6.1 – respondent clicks Yes: it is selected and highlighted creates a yes_no question and stores a \"yes\" answer","invocations":1,"location":null,"numPassingAsserts":2,"retryReasons":[],"status":"passed","title":"creates a yes_no question and stores a \"yes\" answer"},{"ancestorTitles":["SC2.6.2 – pressing Y or N on keyboard selects the corresponding option"],"duration":91,"failureDetails":[],"failureMessages":[],"fullName":"SC2.6.2 – pressing Y or N on keyboard selects the corresponding option yes_no answer accepts \"yes\" or \"no\" string values (keyboard-mapped)","invocations":1,"location":null,"numPassingAsserts":2,"retryReasons":[],"status":"passed","title":"yes_no answer accepts \"yes\" or \"no\" string values (keyboard-mapped)"},{"ancestorTitles":["SC2.6.3 – changing mind from Yes to No: Yes is deselected, No is selected"],"duration":107,"failureDetails":[],"failureMessages":[],"fullName":"SC2.6.3 – changing mind from Yes to No: Yes is deselected, No is selected updating an answer value from \"yes\" to \"no\" reflects the new selection","invocations":1,"location":null,"numPassingAsserts":2,"retryReasons":[],"status":"passed","title":"updating an answer value from \"yes\" to \"no\" reflects the new selection"},{"ancestorTitles":["SC2.9.1 – respondent opens survey link and sees the welcome title, description, and Start button"],"duration":80,"failureDetails":[],"failureMessages":[],"fullName":"SC2.9.1 – respondent opens survey link and sees the welcome title, description, and Start button creates a welcome_screen question with title and description","invocations":1,"location":null,"numPassingAsserts":3,"retryReasons":[],"status":"passed","title":"creates a welcome_screen question with title and description"},{"ancestorTitles":["SC2.9.1 – respondent opens survey link and sees the welcome title, description, and Start button"],"duration":91,"failureDetails":[],"failureMessages":[],"fullName":"SC2.9.1 – respondent opens survey link and sees the welcome title, description, and Start button welcome_screen question is returned first when questions are ordered","invocations":1,"location":null,"numPassingAsserts":1,"retryReasons":[],"status":"passed","title":"welcome_screen question is returned first when questions are ordered"},{"ancestorTitles":["SC2.9.2 – welcome screen with a custom button label shows that label instead of \"Start\""],"duration":115,"failureDetails":[],"failureMessages":[],"fullName":"SC2.9.2 – welcome screen with a custom button label shows that label instead of \"Start\" stores a custom buttonLabel on the welcome_screen question","invocations":1,"location":null,"numPassingAsserts":1,"retryReasons":[],"status":"passed","title":"stores a custom buttonLabel on the welcome_screen question"},{"ancestorTitles":["SC2.9.2 – welcome screen with a custom button label shows that label instead of \"Start\""],"duration":78,"failureDetails":[],"failureMessages":[],"fullName":"SC2.9.2 – welcome screen with a custom button label shows that label instead of \"Start\" buttonLabel defaults to null when not specified (UI uses \"Start\")","invocations":1,"location":null,"numPassingAsserts":1,"retryReasons":[],"status":"passed","title":"buttonLabel defaults to null when not specified (UI uses \"Start\")"},{"ancestorTitles":["SC2.9.3 – clicking Start shows the first question with a smooth transition"],"duration":88,"failureDetails":[],"failureMessages":[],"fullName":"SC2.9.3 – clicking Start shows the first question with a smooth transition the welcome_screen is at order 0 and the first real question is at order 1","invocations":1,"location":null,"numPassingAsserts":3,"retryReasons":[],"status":"passed","title":"the welcome_screen is at order 0 and the first real question is at order 1"},{"ancestorTitles":["SC2.9.3 – clicking Start shows the first question with a smooth transition"],"duration":100,"failureDetails":[],"failureMessages":[],"fullName":"SC2.9.3 – clicking Start shows the first question with a smooth transition survey can store a ctaUrl on the welcome_screen for a CTA button variant","invocations":1,"location":null,"numPassingAsserts":2,"retryReasons":[],"status":"passed","title":"survey can store a ctaUrl on the welcome_screen for a CTA button variant"}],"endTime":1776350524780,"message":"","name":"/home/runner/work/interactive-surveys/interactive-surveys/tests/sprint-1/questions.test.ts","startTime":1776350516340,"status":"passed","summary":""},{"assertionResults":[{"ancestorTitles":["SC0.1.1 – Next.js 14 app with TypeScript, Prisma, and Tailwind CSS is created"],"duration":100,"failureDetails":[],"failureMessages":[],"fullName":"SC0.1.1 – Next.js 14 app with TypeScript, Prisma, and Tailwind CSS is created package.json lists next and tailwindcss as dependencies","invocations":1,"location":null,"numPassingAsserts":2,"retryReasons":[],"status":"passed","title":"package.json lists next and tailwindcss as dependencies"},{"ancestorTitles":["SC0.1.1 – Next.js 14 app with TypeScript, Prisma, and Tailwind CSS is created"],"duration":80,"failureDetails":[],"failureMessages":[],"fullName":"SC0.1.1 – Next.js 14 app with TypeScript, Prisma, and Tailwind CSS is created package.json lists prisma and typescript as devDependencies","invocations":1,"location":null,"numPassingAsserts":2,"retryReasons":[],"status":"passed","title":"package.json lists prisma and typescript as devDependencies"},{"ancestorTitles":["SC0.1.1 – Next.js 14 app with TypeScript, Prisma, and Tailwind CSS is created"],"duration":82,"failureDetails":[],"failureMessages":[],"fullName":"SC0.1.1 – Next.js 14 app with TypeScript, Prisma, and Tailwind CSS is created prisma/schema.prisma exists with a postgresql datasource","invocations":1,"location":null,"numPassingAsserts":2,"retryReasons":[],"status":"passed","title":"prisma/schema.prisma exists with a postgresql datasource"},{"ancestorTitles":["SC0.1.1 – Next.js 14 app with TypeScript, Prisma, and Tailwind CSS is created"],"duration":82,"failureDetails":[],"failureMessages":[],"fullName":"SC0.1.1 – Next.js 14 app with TypeScript, Prisma, and Tailwind CSS is created prisma/schema.prisma defines the core models (User, Survey, Question)","invocations":1,"location":null,"numPassingAsserts":3,"retryReasons":[],"status":"passed","title":"prisma/schema.prisma defines the core models (User, Survey, Question)"},{"ancestorTitles":["SC0.1.2 – npm run dev starts on localhost:3000 with a hello world page"],"duration":86,"failureDetails":[],"failureMessages":[],"fullName":"SC0.1.2 – npm run dev starts on localhost:3000 with a hello world page package.json has a \"dev\" script that references next","invocations":1,"location":null,"numPassingAsserts":3,"retryReasons":[],"status":"passed","title":"package.json has a \"dev\" script that references next"},{"ancestorTitles":["SC0.1.2 – npm run dev starts on localhost:3000 with a hello world page"],"duration":81,"failureDetails":[],"failureMessages":[],"fullName":"SC0.1.2 – npm run dev starts on localhost:3000 with a hello world page next is listed as a dependency (not just devDependency)","invocations":1,"location":null,"numPassingAsserts":1,"retryReasons":[],"status":"passed","title":"next is listed as a dependency (not just devDependency)"},{"ancestorTitles":["SC0.1.3 – npx tsc --noEmit produces zero TypeScript errors"],"duration":89,"failureDetails":[],"failureMessages":[],"fullName":"SC0.1.3 – npx tsc --noEmit produces zero TypeScript errors tsconfig.json enables strict mode","invocations":1,"location":null,"numPassingAsserts":1,"retryReasons":[],"status":"passed","title":"tsconfig.json enables strict mode"},{"ancestorTitles":["SC0.1.3 – npx tsc --noEmit produces zero TypeScript errors"],"duration":71,"failureDetails":[],"failureMessages":[],"fullName":"SC0.1.3 – npx tsc --noEmit produces zero TypeScript errors tsconfig.json has @/* path alias pointing to ./src/*","invocations":1,"location":null,"numPassingAsserts":2,"retryReasons":[],"status":"passed","title":"tsconfig.json has @/* path alias pointing to ./src/*"},{"ancestorTitles":["SC0.1.3 – npx tsc --noEmit produces zero TypeScript errors"],"duration":81,"failureDetails":[],"failureMessages":[],"fullName":"SC0.1.3 – npx tsc --noEmit produces zero TypeScript errors tsconfig.json specifies a modern compilation target","invocations":1,"location":null,"numPassingAsserts":1,"retryReasons":[],"status":"passed","title":"tsconfig.json specifies a modern compilation target"},{"ancestorTitles":["SC0.4.1 – prisma migrate deploy executes before the app starts"],"duration":105,"failureDetails":[],"failureMessages":[],"fullName":"SC0.4.1 – prisma migrate deploy executes before the app starts all required schema tables exist after migration","invocations":1,"location":null,"numPassingAsserts":10,"retryReasons":[],"status":"passed","title":"all required schema tables exist after migration"},{"ancestorTitles":["SC0.4.1 – prisma migrate deploy executes before the app starts"],"duration":142,"failureDetails":[],"failureMessages":[],"fullName":"SC0.4.1 – prisma migrate deploy executes before the app starts Express /health endpoint confirms the database is connected (SC0.2.3 smoke test)","invocations":1,"location":null,"numPassingAsserts":3,"retryReasons":[],"status":"passed","title":"Express /health endpoint confirms the database is connected (SC0.2.3 smoke test)"},{"ancestorTitles":["SC0.4.2 – no new migrations: migration step completes instantly with no changes"],"duration":1432,"failureDetails":[],"failureMessages":[],"fullName":"SC0.4.2 – no new migrations: migration step completes instantly with no changes running prisma migrate deploy a second time exits without error","invocations":1,"location":null,"numPassingAsserts":1,"retryReasons":[],"status":"passed","title":"running prisma migrate deploy a second time exits without error"}],"endTime":1776350526407,"message":"","name":"/home/runner/work/interactive-surveys/interactive-surveys/tests/sprint-1/infrastructure.test.ts","startTime":1776350516598,"status":"passed","summary":""},{"assertionResults":[{"ancestorTitles":["Sprint 3 — S1.4: Question reorder via PUT /questions","SC1.4.1: Drag question C above A → order becomes C, A, B"],"duration":262,"failureDetails":[],"failureMessages":[],"fullName":"Sprint 3 — S1.4: Question reorder via PUT /questions SC1.4.1: Drag question C above A → order becomes C, A, B PUT /questions with [C, A, B] reorders questions correctly","invocations":1,"location":null,"numPassingAsserts":17,"retryReasons":[],"status":"passed","title":"PUT /questions with [C, A, B] reorders questions correctly"},{"ancestorTitles":["Sprint 3 — S1.4: Question reorder via PUT /questions","SC1.4.1: Drag question C above A → order becomes C, A, B"],"duration":92,"failureDetails":[],"failureMessages":[],"fullName":"Sprint 3 — S1.4: Question reorder via PUT /questions SC1.4.1: Drag question C above A → order becomes C, A, B reorder to [B, C, A] assigns correct order values","invocations":1,"location":null,"numPassingAsserts":8,"retryReasons":[],"status":"passed","title":"reorder to [B, C, A] assigns correct order values"},{"ancestorTitles":["Sprint 3 — S1.4: Question reorder via PUT /questions","SC1.4.2: New order is preserved across re-fetches (\"reload\")"],"duration":82,"failureDetails":[],"failureMessages":[],"fullName":"Sprint 3 — S1.4: Question reorder via PUT /questions SC1.4.2: New order is preserved across re-fetches (\"reload\") order persisted in DB is reflected in subsequent GET requests","invocations":1,"location":null,"numPassingAsserts":11,"retryReasons":[],"status":"passed","title":"order persisted in DB is reflected in subsequent GET requests"},{"ancestorTitles":["Sprint 3 — S1.4: Question reorder via PUT /questions","SC1.4.2: New order is preserved across re-fetches (\"reload\")"],"duration":101,"failureDetails":[],"failureMessages":[],"fullName":"Sprint 3 — S1.4: Question reorder via PUT /questions SC1.4.2: New order is preserved across re-fetches (\"reload\") reordering multiple times results in the latest order being preserved","invocations":1,"location":null,"numPassingAsserts":8,"retryReasons":[],"status":"passed","title":"reordering multiple times results in the latest order being preserved"},{"ancestorTitles":["Sprint 3 — S1.4: Question reorder via PUT /questions","SC1.4.3: Survey with 1 question — reorder endpoint handles it gracefully"],"duration":27,"failureDetails":[],"failureMessages":[],"fullName":"Sprint 3 — S1.4: Question reorder via PUT /questions SC1.4.3: Survey with 1 question — reorder endpoint handles it gracefully PUT /questions with a single-element orderedIds succeeds","invocations":1,"location":null,"numPassingAsserts":7,"retryReasons":[],"status":"passed","title":"PUT /questions with a single-element orderedIds succeeds"},{"ancestorTitles":["Sprint 3 — S1.4: Question reorder via PUT /questions","SC1.4.3: Survey with 1 question — reorder endpoint handles it gracefully"],"duration":25,"failureDetails":[],"failureMessages":[],"fullName":"Sprint 3 — S1.4: Question reorder via PUT /questions SC1.4.3: Survey with 1 question — reorder endpoint handles it gracefully survey with 1 question still returns it correctly after a no-op reorder","invocations":1,"location":null,"numPassingAsserts":5,"retryReasons":[],"status":"passed","title":"survey with 1 question still returns it correctly after a no-op reorder"},{"ancestorTitles":["Sprint 3 — S1.4: Question reorder via PUT /questions","Auth: PUT /questions without auth → 401"],"duration":21,"failureDetails":[],"failureMessages":[],"fullName":"Sprint 3 — S1.4: Question reorder via PUT /questions Auth: PUT /questions without auth → 401 returns 401 when x-user-id header is absent","invocations":1,"location":null,"numPassingAsserts":3,"retryReasons":[],"status":"passed","title":"returns 401 when x-user-id header is absent"},{"ancestorTitles":["Sprint 3 — S1.4: Question reorder via PUT /questions","Not-found: PUT /questions with nonexistent survey → 404"],"duration":10,"failureDetails":[],"failureMessages":[],"fullName":"Sprint 3 — S1.4: Question reorder via PUT /questions Not-found: PUT /questions with nonexistent survey → 404 returns 404 when the survey does not exist","invocations":1,"location":null,"numPassingAsserts":1,"retryReasons":[],"status":"passed","title":"returns 404 when the survey does not exist"},{"ancestorTitles":["Sprint 3 — S1.4: Question reorder via PUT /questions","Cross-ownership: PUT /questions by non-owner → 404"],"duration":35,"failureDetails":[],"failureMessages":[],"fullName":"Sprint 3 — S1.4: Question reorder via PUT /questions Cross-ownership: PUT /questions by non-owner → 404 returns 404 when a different user tries to reorder questions","invocations":1,"location":null,"numPassingAsserts":7,"retryReasons":[],"status":"passed","title":"returns 404 when a different user tries to reorder questions"},{"ancestorTitles":["Sprint 3 — S1.4: Question reorder via PUT /questions","Invalid input: PUT /questions without orderedIds → 400"],"duration":18,"failureDetails":[],"failureMessages":[],"fullName":"Sprint 3 — S1.4: Question reorder via PUT /questions Invalid input: PUT /questions without orderedIds → 400 returns 400 when orderedIds is missing from body","invocations":1,"location":null,"numPassingAsserts":2,"retryReasons":[],"status":"passed","title":"returns 400 when orderedIds is missing from body"},{"ancestorTitles":["Sprint 3 — S1.4: Question reorder via PUT /questions","Invalid input: PUT /questions without orderedIds → 400"],"duration":18,"failureDetails":[],"failureMessages":[],"fullName":"Sprint 3 — S1.4: Question reorder via PUT /questions Invalid input: PUT /questions without orderedIds → 400 returns 400 when orderedIds is not an array","invocations":1,"location":null,"numPassingAsserts":2,"retryReasons":[],"status":"passed","title":"returns 400 when orderedIds is not an array"}],"endTime":1776350532257,"message":"","name":"/home/runner/work/interactive-surveys/interactive-surveys/tests/sprint-3/question-reorder.test.ts","startTime":1776350524785,"status":"passed","summary":""},{"assertionResults":[{"ancestorTitles":["SC1.1.1 – clicking \"Create Survey\" and entering a title creates a new survey"],"duration":95,"failureDetails":[],"failureMessages":[],"fullName":"SC1.1.1 – clicking \"Create Survey\" and entering a title creates a new survey persists the survey with the given title and generates a unique slug","invocations":1,"location":null,"numPassingAsserts":5,"retryReasons":[],"status":"passed","title":"persists the survey with the given title and generates a unique slug"},{"ancestorTitles":["SC1.1.1 – clicking \"Create Survey\" and entering a title creates a new survey"],"duration":79,"failureDetails":[],"failureMessages":[],"fullName":"SC1.1.1 – clicking \"Create Survey\" and entering a title creates a new survey survey is immediately retrievable by the creator","invocations":1,"location":null,"numPassingAsserts":2,"retryReasons":[],"status":"passed","title":"survey is immediately retrievable by the creator"},{"ancestorTitles":["SC1.1.2 – creating a survey without a title shows \"Title is required\""],"duration":114,"failureDetails":[],"failureMessages":[],"fullName":"SC1.1.2 – creating a survey without a title shows \"Title is required\" Prisma rejects a survey record without a title (NOT NULL constraint)","invocations":1,"location":null,"numPassingAsserts":1,"retryReasons":[],"status":"passed","title":"Prisma rejects a survey record without a title (NOT NULL constraint)"},{"ancestorTitles":["SC1.1.2 – creating a survey without a title shows \"Title is required\""],"duration":90,"failureDetails":[],"failureMessages":[],"fullName":"SC1.1.2 – creating a survey without a title shows \"Title is required\" the API route handler validates the title before touching the DB","invocations":1,"location":null,"numPassingAsserts":2,"retryReasons":[],"status":"passed","title":"the API route handler validates the title before touching the DB"},{"ancestorTitles":["SC1.1.3 – unauthenticated access to the create-survey page redirects to login"],"duration":109,"failureDetails":[],"failureMessages":[],"fullName":"SC1.1.3 – unauthenticated access to the create-survey page redirects to login the survey POST route returns 401 when no session is present","invocations":1,"location":null,"numPassingAsserts":3,"retryReasons":[],"status":"passed","title":"the survey POST route returns 401 when no session is present"},{"ancestorTitles":["SC1.1.3 – unauthenticated access to the create-survey page redirects to login"],"duration":64,"failureDetails":[],"failureMessages":[],"fullName":"SC1.1.3 – unauthenticated access to the create-survey page redirects to login the Next.js middleware matcher covers the /surveys builder path","invocations":1,"location":null,"numPassingAsserts":1,"retryReasons":[],"status":"passed","title":"the Next.js middleware matcher covers the /surveys builder path"},{"ancestorTitles":["SC1.1.3 – unauthenticated access to the create-survey page redirects to login"],"duration":126,"failureDetails":[],"failureMessages":[],"fullName":"SC1.1.3 – unauthenticated access to the create-survey page redirects to login Express health endpoint is reachable (supertest sanity check)","invocations":1,"location":null,"numPassingAsserts":1,"retryReasons":[],"status":"passed","title":"Express health endpoint is reachable (supertest sanity check)"},{"ancestorTitles":["SC1.2.1 – clicking \"Add Question\" → \"Short Text\" appends a short_text question"],"duration":113,"failureDetails":[],"failureMessages":[],"fullName":"SC1.2.1 – clicking \"Add Question\" → \"Short Text\" appends a short_text question creates a short_text Question linked to the survey at order 0","invocations":1,"location":null,"numPassingAsserts":3,"retryReasons":[],"status":"passed","title":"creates a short_text Question linked to the survey at order 0"},{"ancestorTitles":["SC1.2.1 – clicking \"Add Question\" → \"Short Text\" appends a short_text question"],"duration":92,"failureDetails":[],"failureMessages":[],"fullName":"SC1.2.1 – clicking \"Add Question\" → \"Short Text\" appends a short_text question subsequent questions receive incrementing order values","invocations":1,"location":null,"numPassingAsserts":2,"retryReasons":[],"status":"passed","title":"subsequent questions receive incrementing order values"},{"ancestorTitles":["SC1.2.2 – adding a question of each of the 10 types renders correctly in the builder"],"duration":74,"failureDetails":[],"failureMessages":[],"fullName":"SC1.2.2 – adding a question of each of the 10 types renders correctly in the builder all 10 QuestionType enum values are defined in the Prisma schema","invocations":1,"location":null,"numPassingAsserts":10,"retryReasons":[],"status":"passed","title":"all 10 QuestionType enum values are defined in the Prisma schema"},{"ancestorTitles":["SC1.2.2 – adding a question of each of the 10 types renders correctly in the builder"],"duration":137,"failureDetails":[],"failureMessages":[],"fullName":"SC1.2.2 – adding a question of each of the 10 types renders correctly in the builder one question of each type can be persisted to the database","invocations":1,"location":null,"numPassingAsserts":11,"retryReasons":[],"status":"passed","title":"one question of each type can be persisted to the database"},{"ancestorTitles":["SC1.2.3 – adding a question to a survey with 50 questions shows a completion-rate warning"],"duration":75,"failureDetails":[],"failureMessages":[],"fullName":"SC1.2.3 – adding a question to a survey with 50 questions shows a completion-rate warning the warning threshold constant is 12 as defined in the service source","invocations":1,"location":null,"numPassingAsserts":2,"retryReasons":[],"status":"passed","title":"the warning threshold constant is 12 as defined in the service source"},{"ancestorTitles":["SC1.2.3 – adding a question to a survey with 50 questions shows a completion-rate warning"],"duration":103,"failureDetails":[],"failureMessages":[],"fullName":"SC1.2.3 – adding a question to a survey with 50 questions shows a completion-rate warning adding a question when count >= threshold returns a warning message","invocations":1,"location":null,"numPassingAsserts":3,"retryReasons":[],"status":"passed","title":"adding a question when count >= threshold returns a warning message"},{"ancestorTitles":["SC1.2.3 – adding a question to a survey with 50 questions shows a completion-rate warning"],"duration":122,"failureDetails":[],"failureMessages":[],"fullName":"SC1.2.3 – adding a question to a survey with 50 questions shows a completion-rate warning survey with fewer than 12 questions does not trigger the warning","invocations":1,"location":null,"numPassingAsserts":1,"retryReasons":[],"status":"passed","title":"survey with fewer than 12 questions does not trigger the warning"}],"endTime":1776350532914,"message":"","name":"/home/runner/work/interactive-surveys/interactive-surveys/tests/sprint-1/surveys.test.ts","startTime":1776350524674,"status":"passed","summary":""},{"assertionResults":[{"ancestorTitles":["Sprint 3 — S5.2: Partial response capture","SC5.2.1: Answering questions without finishing → response.status = partial"],"duration":189,"failureDetails":[],"failureMessages":[],"fullName":"Sprint 3 — S5.2: Partial response capture SC5.2.1: Answering questions without finishing → response.status = partial newly created response has status=partial","invocations":1,"location":null,"numPassingAsserts":8,"retryReasons":[],"status":"passed","title":"newly created response has status=partial"},{"ancestorTitles":["Sprint 3 — S5.2: Partial response capture","SC5.2.1: Answering questions without finishing → response.status = partial"],"duration":84,"failureDetails":[],"failureMessages":[],"fullName":"Sprint 3 — S5.2: Partial response capture SC5.2.1: Answering questions without finishing → response.status = partial answering Q1 and Q2 without completing keeps status=partial","invocations":1,"location":null,"numPassingAsserts":11,"retryReasons":[],"status":"passed","title":"answering Q1 and Q2 without completing keeps status=partial"},{"ancestorTitles":["Sprint 3 — S5.2: Partial response capture","SC5.2.1: Answering questions without finishing → response.status = partial"],"duration":40,"failureDetails":[],"failureMessages":[],"fullName":"Sprint 3 — S5.2: Partial response capture SC5.2.1: Answering questions without finishing → response.status = partial closing the browser (no /complete call) leaves status=partial in DB","invocations":1,"location":null,"numPassingAsserts":5,"retryReasons":[],"status":"passed","title":"closing the browser (no /complete call) leaves status=partial in DB"},{"ancestorTitles":["Sprint 3 — S5.2: Partial response capture","SC5.2.2: Partial responses counted separately from complete"],"duration":81,"failureDetails":[],"failureMessages":[],"fullName":"Sprint 3 — S5.2: Partial response capture SC5.2.2: Partial responses counted separately from complete getSurveyResponses distinguishes partial from complete","invocations":1,"location":null,"numPassingAsserts":16,"retryReasons":[],"status":"passed","title":"getSurveyResponses distinguishes partial from complete"},{"ancestorTitles":["Sprint 3 — S5.2: Partial response capture","SC5.2.2: Partial responses counted separately from complete"],"duration":56,"failureDetails":[],"failureMessages":[],"fullName":"Sprint 3 — S5.2: Partial response capture SC5.2.2: Partial responses counted separately from complete a response transitions from partial to complete when /complete is called","invocations":1,"location":null,"numPassingAsserts":9,"retryReasons":[],"status":"passed","title":"a response transitions from partial to complete when /complete is called"},{"ancestorTitles":["Sprint 3 — S5.2: Partial response capture","SC5.2.3: Each answer is saved immediately, not only on final submit"],"duration":58,"failureDetails":[],"failureMessages":[],"fullName":"Sprint 3 — S5.2: Partial response capture SC5.2.3: Each answer is saved immediately, not only on final submit answer exists in DB immediately after POST /answers (before /complete)","invocations":1,"location":null,"numPassingAsserts":10,"retryReasons":[],"status":"passed","title":"answer exists in DB immediately after POST /answers (before /complete)"},{"ancestorTitles":["Sprint 3 — S5.2: Partial response capture","SC5.2.3: Each answer is saved immediately, not only on final submit"],"duration":82,"failureDetails":[],"failureMessages":[],"fullName":"Sprint 3 — S5.2: Partial response capture SC5.2.3: Each answer is saved immediately, not only on final submit answer count reflects each save individually","invocations":1,"location":null,"numPassingAsserts":17,"retryReasons":[],"status":"passed","title":"answer count reflects each save individually"},{"ancestorTitles":["Sprint 3 — S5.2: Partial response capture","SC5.2.3: Each answer is saved immediately, not only on final submit"],"duration":65,"failureDetails":[],"failureMessages":[],"fullName":"Sprint 3 — S5.2: Partial response capture SC5.2.3: Each answer is saved immediately, not only on final submit full session: start → answer all questions → complete","invocations":1,"location":null,"numPassingAsserts":12,"retryReasons":[],"status":"passed","title":"full session: start → answer all questions → complete"}],"endTime":1776350533940,"message":"","name":"/home/runner/work/interactive-surveys/interactive-surveys/tests/sprint-3/partial-responses.test.ts","startTime":1776350526416,"status":"passed","summary":""},{"assertionResults":[{"ancestorTitles":["Sprint 3 — D2.1: Authorization bypass fix (question update/delete)","SC D2.1.1: PATCH /surveys/B/questions/Q where Q belongs to survey A → 404"],"duration":171,"failureDetails":[],"failureMessages":[],"fullName":"Sprint 3 — D2.1: Authorization bypass fix (question update/delete) SC D2.1.1: PATCH /surveys/B/questions/Q where Q belongs to survey A → 404 happy path: PATCH with correct survey and owner returns 200","invocations":1,"location":null,"numPassingAsserts":4,"retryReasons":[],"status":"passed","title":"happy path: PATCH with correct survey and owner returns 200"},{"ancestorTitles":["Sprint 3 — D2.1: Authorization bypass fix (question update/delete)","SC D2.1.1: PATCH /surveys/B/questions/Q where Q belongs to survey A → 404"],"duration":54,"failureDetails":[],"failureMessages":[],"fullName":"Sprint 3 — D2.1: Authorization bypass fix (question update/delete) SC D2.1.1: PATCH /surveys/B/questions/Q where Q belongs to survey A → 404 returns 404 when question Q belongs to survey A but URL uses survey B","invocations":1,"location":null,"numPassingAsserts":4,"retryReasons":[],"status":"passed","title":"returns 404 when question Q belongs to survey A but URL uses survey B"},{"ancestorTitles":["Sprint 3 — D2.1: Authorization bypass fix (question update/delete)","SC D2.1.1: PATCH /surveys/B/questions/Q where Q belongs to survey A → 404"],"duration":46,"failureDetails":[],"failureMessages":[],"fullName":"Sprint 3 — D2.1: Authorization bypass fix (question update/delete) SC D2.1.1: PATCH /surveys/B/questions/Q where Q belongs to survey A → 404 auth: PATCH without x-user-id → 401","invocations":1,"location":null,"numPassingAsserts":3,"retryReasons":[],"status":"passed","title":"auth: PATCH without x-user-id → 401"},{"ancestorTitles":["Sprint 3 — D2.1: Authorization bypass fix (question update/delete)","SC D2.1.1: PATCH /surveys/B/questions/Q where Q belongs to survey A → 404"],"duration":60,"failureDetails":[],"failureMessages":[],"fullName":"Sprint 3 — D2.1: Authorization bypass fix (question update/delete) SC D2.1.1: PATCH /surveys/B/questions/Q where Q belongs to survey A → 404 not-found: PATCH with nonexistent survey ID → 404","invocations":1,"location":null,"numPassingAsserts":3,"retryReasons":[],"status":"passed","title":"not-found: PATCH with nonexistent survey ID → 404"},{"ancestorTitles":["Sprint 3 — D2.1: Authorization bypass fix (question update/delete)","SC D2.1.1: PATCH /surveys/B/questions/Q where Q belongs to survey A → 404"],"duration":17,"failureDetails":[],"failureMessages":[],"fullName":"Sprint 3 — D2.1: Authorization bypass fix (question update/delete) SC D2.1.1: PATCH /surveys/B/questions/Q where Q belongs to survey A → 404 not-found: PATCH with nonexistent question ID → 404","invocations":1,"location":null,"numPassingAsserts":2,"retryReasons":[],"status":"passed","title":"not-found: PATCH with nonexistent question ID → 404"},{"ancestorTitles":["Sprint 3 — D2.1: Authorization bypass fix (question update/delete)","SC D2.1.2: DELETE /surveys/B/questions/Q where Q belongs to survey A → 404"],"duration":29,"failureDetails":[],"failureMessages":[],"fullName":"Sprint 3 — D2.1: Authorization bypass fix (question update/delete) SC D2.1.2: DELETE /surveys/B/questions/Q where Q belongs to survey A → 404 happy path: DELETE with correct survey and owner returns 200","invocations":1,"location":null,"numPassingAsserts":4,"retryReasons":[],"status":"passed","title":"happy path: DELETE with correct survey and owner returns 200"},{"ancestorTitles":["Sprint 3 — D2.1: Authorization bypass fix (question update/delete)","SC D2.1.2: DELETE /surveys/B/questions/Q where Q belongs to survey A → 404"],"duration":28,"failureDetails":[],"failureMessages":[],"fullName":"Sprint 3 — D2.1: Authorization bypass fix (question update/delete) SC D2.1.2: DELETE /surveys/B/questions/Q where Q belongs to survey A → 404 returns 404 when question Q belongs to survey A but URL uses survey B","invocations":1,"location":null,"numPassingAsserts":5,"retryReasons":[],"status":"passed","title":"returns 404 when question Q belongs to survey A but URL uses survey B"},{"ancestorTitles":["Sprint 3 — D2.1: Authorization bypass fix (question update/delete)","SC D2.1.2: DELETE /surveys/B/questions/Q where Q belongs to survey A → 404"],"duration":22,"failureDetails":[],"failureMessages":[],"fullName":"Sprint 3 — D2.1: Authorization bypass fix (question update/delete) SC D2.1.2: DELETE /surveys/B/questions/Q where Q belongs to survey A → 404 auth: DELETE without x-user-id → 401","invocations":1,"location":null,"numPassingAsserts":3,"retryReasons":[],"status":"passed","title":"auth: DELETE without x-user-id → 401"},{"ancestorTitles":["Sprint 3 — D2.1: Authorization bypass fix (question update/delete)","SC D2.1.2: DELETE /surveys/B/questions/Q where Q belongs to survey A → 404"],"duration":22,"failureDetails":[],"failureMessages":[],"fullName":"Sprint 3 — D2.1: Authorization bypass fix (question update/delete) SC D2.1.2: DELETE /surveys/B/questions/Q where Q belongs to survey A → 404 not-found: DELETE with nonexistent survey ID → 404","invocations":1,"location":null,"numPassingAsserts":3,"retryReasons":[],"status":"passed","title":"not-found: DELETE with nonexistent survey ID → 404"},{"ancestorTitles":["Sprint 3 — D2.1: Authorization bypass fix (question update/delete)","SC D2.1.2: DELETE /surveys/B/questions/Q where Q belongs to survey A → 404"],"duration":17,"failureDetails":[],"failureMessages":[],"fullName":"Sprint 3 — D2.1: Authorization bypass fix (question update/delete) SC D2.1.2: DELETE /surveys/B/questions/Q where Q belongs to survey A → 404 not-found: DELETE with nonexistent question ID → 404","invocations":1,"location":null,"numPassingAsserts":2,"retryReasons":[],"status":"passed","title":"not-found: DELETE with nonexistent question ID → 404"},{"ancestorTitles":["Sprint 3 — D2.1: Authorization bypass fix (question update/delete)","SC D2.1.3: PATCH /surveys/A/questions/Q as a different authenticated user → 404"],"duration":25,"failureDetails":[],"failureMessages":[],"fullName":"Sprint 3 — D2.1: Authorization bypass fix (question update/delete) SC D2.1.3: PATCH /surveys/A/questions/Q as a different authenticated user → 404 returns 404 when authenticated user does not own the survey","invocations":1,"location":null,"numPassingAsserts":4,"retryReasons":[],"status":"passed","title":"returns 404 when authenticated user does not own the survey"},{"ancestorTitles":["Sprint 3 — D2.1: Authorization bypass fix (question update/delete)","SC D2.1.3: PATCH /surveys/A/questions/Q as a different authenticated user → 404"],"duration":22,"failureDetails":[],"failureMessages":[],"fullName":"Sprint 3 — D2.1: Authorization bypass fix (question update/delete) SC D2.1.3: PATCH /surveys/A/questions/Q as a different authenticated user → 404 returns 404 when different user tries to DELETE a question they do not own","invocations":1,"location":null,"numPassingAsserts":4,"retryReasons":[],"status":"passed","title":"returns 404 when different user tries to DELETE a question they do not own"},{"ancestorTitles":["Sprint 3 — D2.1: Authorization bypass fix (question update/delete)","SC D2.1.3: PATCH /surveys/A/questions/Q as a different authenticated user → 404"],"duration":33,"failureDetails":[],"failureMessages":[],"fullName":"Sprint 3 — D2.1: Authorization bypass fix (question update/delete) SC D2.1.3: PATCH /surveys/A/questions/Q as a different authenticated user → 404 a user cannot PATCH a question from another survey even by owning a different survey","invocations":1,"location":null,"numPassingAsserts":5,"retryReasons":[],"status":"passed","title":"a user cannot PATCH a question from another survey even by owning a different survey"}],"endTime":1776350539138,"message":"","name":"/home/runner/work/interactive-surveys/interactive-surveys/tests/sprint-3/auth-bypass.test.ts","startTime":1776350532265,"status":"passed","summary":""},{"assertionResults":[{"ancestorTitles":["Sprint 3 — S5.3: Anonymous and identified responses","SC5.3.1: Logged-in user response is linked to their user ID"],"duration":130,"failureDetails":[],"failureMessages":[],"fullName":"Sprint 3 — S5.3: Anonymous and identified responses SC5.3.1: Logged-in user response is linked to their user ID response.userId matches the authenticated respondent","invocations":1,"location":null,"numPassingAsserts":4,"retryReasons":[],"status":"passed","title":"response.userId matches the authenticated respondent"},{"ancestorTitles":["Sprint 3 — S5.3: Anonymous and identified responses","SC5.3.1: Logged-in user response is linked to their user ID"],"duration":47,"failureDetails":[],"failureMessages":[],"fullName":"Sprint 3 — S5.3: Anonymous and identified responses SC5.3.1: Logged-in user response is linked to their user ID the creator and respondent can be different users","invocations":1,"location":null,"numPassingAsserts":4,"retryReasons":[],"status":"passed","title":"the creator and respondent can be different users"},{"ancestorTitles":["Sprint 3 — S5.3: Anonymous and identified responses","SC5.3.2: Anonymous visitor response has null userId"],"duration":23,"failureDetails":[],"failureMessages":[],"fullName":"Sprint 3 — S5.3: Anonymous and identified responses SC5.3.2: Anonymous visitor response has null userId response.userId is null when no x-user-id header is provided","invocations":1,"location":null,"numPassingAsserts":4,"retryReasons":[],"status":"passed","title":"response.userId is null when no x-user-id header is provided"},{"ancestorTitles":["Sprint 3 — S5.3: Anonymous and identified responses","SC5.3.2: Anonymous visitor response has null userI
[...]
failureDetails":[],"failureMessages":[],"fullName":"D2.3: DropdownQuestion searchable flag SC D2.3.2: searchable=true → search input shown, filters options filter with empty string returns all options","invocations":1,"location":null,"numPassingAsserts":1,"retryReasons":[],"status":"passed","title":"filter with empty string returns all options"},{"ancestorTitles":["D2.3: DropdownQuestion searchable flag","SC D2.3.2: searchable=true → search input shown, filters options"],"duration":0,"failureDetails":[],"failureMessages":[],"fullName":"D2.3: DropdownQuestion searchable flag SC D2.3.2: searchable=true → search input shown, filters options filter matches partial strings anywhere in option text","invocations":1,"location":null,"numPassingAsserts":2,"retryReasons":[],"status":"passed","title":"filter matches partial strings anywhere in option text"},{"ancestorTitles":["D2.6: MultipleChoiceQuestion pluralization in error messages","SC D2.6.1: maxSelections=1 → \"Select at most 1 option\" (singular)"],"duration":1,"failureDetails":[],"failureMessages":[],"fullName":"D2.6: MultipleChoiceQuestion pluralization in error messages SC D2.6.1: maxSelections=1 → \"Select at most 1 option\" (singular) error message uses singular \"option\" when maxSelections=1","invocations":1,"location":null,"numPassingAsserts":3,"retryReasons":[],"status":"passed","title":"error message uses singular \"option\" when maxSelections=1"},{"ancestorTitles":["D2.6: MultipleChoiceQuestion pluralization in error messages","SC D2.6.1: maxSelections=1 → \"Select at most 1 option\" (singular)"],"duration":0,"failureDetails":[],"failureMessages":[],"fullName":"D2.6: MultipleChoiceQuestion pluralization in error messages SC D2.6.1: maxSelections=1 → \"Select at most 1 option\" (singular) selecting a second option when maxSelections=1 is blocked with singular message","invocations":1,"location":null,"numPassingAsserts":2,"retryReasons":[],"status":"passed","title":"selecting a second option when maxSelections=1 is blocked with singular message"},{"ancestorTitles":["D2.6: MultipleChoiceQuestion pluralization in error messages","SC D2.6.2: minSelections=2 → \"Select at least 2 options\" (plural)"],"duration":1,"failureDetails":[],"failureMessages":[],"fullName":"D2.6: MultipleChoiceQuestion pluralization in error messages SC D2.6.2: minSelections=2 → \"Select at least 2 options\" (plural) error message uses plural \"options\" when minSelections=2","invocations":1,"location":null,"numPassingAsserts":1,"retryReasons":[],"status":"passed","title":"error message uses plural \"options\" when minSelections=2"},{"ancestorTitles":["D2.6: MultipleChoiceQuestion pluralization in error messages","SC D2.6.2: minSelections=2 → \"Select at least 2 options\" (plural)"],"duration":1,"failureDetails":[],"failureMessages":[],"fullName":"D2.6: MultipleChoiceQuestion pluralization in error messages SC D2.6.2: minSelections=2 → \"Select at least 2 options\" (plural) submitting with 1 selection when minSelections=2 shows plural message","invocations":1,"location":null,"numPassingAsserts":2,"retryReasons":[],"status":"passed","title":"submitting with 1 selection when minSelections=2 shows plural message"},{"ancestorTitles":["D2.6: MultipleChoiceQuestion pluralization in error messages","SC D2.6.2: minSelections=2 → \"Select at least 2 options\" (plural)"],"duration":0,"failureDetails":[],"failureMessages":[],"fullName":"D2.6: MultipleChoiceQuestion pluralization in error messages SC D2.6.2: minSelections=2 → \"Select at least 2 options\" (plural) submitting with 2 selections when minSelections=2 is allowed","invocations":1,"location":null,"numPassingAsserts":2,"retryReasons":[],"status":"passed","title":"submitting with 2 selections when minSelections=2 is allowed"},{"ancestorTitles":["D2.6: MultipleChoiceQuestion pluralization in error messages","SC D2.6.3: maxSelections=3 → \"Select at most 3 options\" (plural)"],"duration":1,"failureDetails":[],"failureMessages":[],"fullName":"D2.6: MultipleChoiceQuestion pluralization in error messages SC D2.6.3: maxSelections=3 → \"Select at most 3 options\" (plural) error message uses plural \"options\" when maxSelections=3","invocations":1,"location":null,"numPassingAsserts":1,"retryReasons":[],"status":"passed","title":"error message uses plural \"options\" when maxSelections=3"},{"ancestorTitles":["D2.6: MultipleChoiceQuestion pluralization in error messages","SC D2.6.3: maxSelections=3 → \"Select at most 3 options\" (plural)"],"duration":0,"failureDetails":[],"failureMessages":[],"fullName":"D2.6: MultipleChoiceQuestion pluralization in error messages SC D2.6.3: maxSelections=3 → \"Select at most 3 options\" (plural) selecting a 4th option when maxSelections=3 is blocked with plural message","invocations":1,"location":null,"numPassingAsserts":2,"retryReasons":[],"status":"passed","title":"selecting a 4th option when maxSelections=3 is blocked with plural message"},{"ancestorTitles":["D2.6: MultipleChoiceQuestion pluralization in error messages","SC D2.6.3: maxSelections=3 → \"Select at most 3 options\" (plural)"],"duration":0,"failureDetails":[],"failureMessages":[],"fullName":"D2.6: MultipleChoiceQuestion pluralization in error messages SC D2.6.3: maxSelections=3 → \"Select at most 3 options\" (plural) selecting when below maxSelections is allowed","invocations":1,"location":null,"numPassingAsserts":2,"retryReasons":[],"status":"passed","title":"selecting when below maxSelections is allowed"},{"ancestorTitles":["D2.6: MultipleChoiceQuestion pluralization in error messages","Pluralization correctness for various values"],"duration":1,"failureDetails":[],"failureMessages":[],"fullName":"D2.6: MultipleChoiceQuestion pluralization in error messages Pluralization correctness for various values maxSelectionsError(1) = Select at most 1 option","invocations":1,"location":null,"numPassingAsserts":1,"retryReasons":[],"status":"passed","title":"maxSelectionsError(1) = Select at most 1 option"},{"ancestorTitles":["D2.6: MultipleChoiceQuestion pluralization in error messages","Pluralization correctness for various values"],"duration":0,"failureDetails":[],"failureMessages":[],"fullName":"D2.6: MultipleChoiceQuestion pluralization in error messages Pluralization correctness for various values maxSelectionsError(2) = Select at most 2 options","invocations":1,"location":null,"numPassingAsserts":1,"retryReasons":[],"status":"passed","title":"maxSelectionsError(2) = Select at most 2 options"},{"ancestorTitles":["D2.6: MultipleChoiceQuestion pluralization in error messages","Pluralization correctness for various values"],"duration":0,"failureDetails":[],"failureMessages":[],"fullName":"D2.6: MultipleChoiceQuestion pluralization in error messages Pluralization correctness for various values maxSelectionsError(3) = Select at most 3 options","invocations":1,"location":null,"numPassingAsserts":1,"retryReasons":[],"status":"passed","title":"maxSelectionsError(3) = Select at most 3 options"},{"ancestorTitles":["D2.6: MultipleChoiceQuestion pluralization in error messages","Pluralization correctness for various values"],"duration":1,"failureDetails":[],"failureMessages":[],"fullName":"D2.6: MultipleChoiceQuestion pluralization in error messages Pluralization correctness for various values maxSelectionsError(5) = Select at most 5 options","invocations":1,"location":null,"numPassingAsserts":1,"retryReasons":[],"status":"passed","title":"maxSelectionsError(5) = Select at most 5 options"},{"ancestorTitles":["D2.6: MultipleChoiceQuestion pluralization in error messages","Pluralization correctness for various values"],"duration":0,"failureDetails":[],"failureMessages":[],"fullName":"D2.6: MultipleChoiceQuestion pluralization in error messages Pluralization correctness for various values maxSelectionsError(10) = Select at most 10 options","invocations":1,"location":null,"numPassingAsserts":1,"retryReasons":[],"status":"passed","title":"maxSelectionsError(10) = Select at most 10 options"},{"ancestorTitles":["D2.6: MultipleChoiceQuestion pluralization in error messages","Pluralization correctness for various values"],"duration":0,"failureDetails":[],"failureMessages":[],"fullName":"D2.6: MultipleChoiceQuestion pluralization in error messages Pluralization correctness for various values minSelectionsError(1) = Select at least 1 option","invocations":1,"location":null,"numPassingAsserts":1,"retryReasons":[],"status":"passed","title":"minSelectionsError(1) = Select at least 1 option"},{"ancestorTitles":["D2.6: MultipleChoiceQuestion pluralization in error messages","Pluralization correctness for various values"],"duration":0,"failureDetails":[],"failureMessages":[],"fullName":"D2.6: MultipleChoiceQuestion pluralization in error messages Pluralization correctness for various values minSelectionsError(2) = Select at least 2 options","invocations":1,"location":null,"numPassingAsserts":1,"retryReasons":[],"status":"passed","title":"minSelectionsError(2) = Select at least 2 options"},{"ancestorTitles":["D2.6: MultipleChoiceQuestion pluralization in error messages","Pluralization correctness for various values"],"duration":1,"failureDetails":[],"failureMessages":[],"fullName":"D2.6: MultipleChoiceQuestion pluralization in error messages Pluralization correctness for various values minSelectionsError(3) = Select at least 3 options","invocations":1,"location":null,"numPassingAsserts":1,"retryReasons":[],"status":"passed","title":"minSelectionsError(3) = Select at least 3 options"},{"ancestorTitles":["S3.3: Mobile-first responsive layout — API data contract","SC3.3.1: Question exposes all fields needed for mobile rendering"],"duration":1,"failureDetails":[],"failureMessages":[],"fullName":"S3.3: Mobile-first responsive layout — API data contract SC3.3.1: Question exposes all fields needed for mobile rendering a question object has the required display fields","invocations":1,"location":null,"numPassingAsserts":7,"retryReasons":[],"status":"passed","title":"a question object has the required display fields"},{"ancestorTitles":["S3.3: Mobile-first responsive layout — API data contract","SC3.3.2: OK/Skip button has a minimum tap target of 44px height"],"duration":1,"failureDetails":[],"failureMessages":[],"fullName":"S3.3: Mobile-first responsive layout — API data contract SC3.3.2: OK/Skip button has a minimum tap target of 44px height MultipleChoiceQuestion OK button class includes min-h-[44px]","invocations":1,"location":null,"numPassingAsserts":1,"retryReasons":[],"status":"passed","title":"MultipleChoiceQuestion OK button class includes min-h-[44px]"},{"ancestorTitles":["S3.3: Mobile-first responsive layout — API data contract","SC3.3.2: OK/Skip button has a minimum tap target of 44px height"],"duration":0,"failureDetails":[],"failureMessages":[],"fullName":"S3.3: Mobile-first responsive layout — API data contract SC3.3.2: OK/Skip button has a minimum tap target of 44px height RatingQuestion OK button class includes min-h-[44px]","invocations":1,"location":null,"numPassingAsserts":1,"retryReasons":[],"status":"passed","title":"RatingQuestion OK button class includes min-h-[44px]"},{"ancestorTitles":["S3.3: Mobile-first responsive layout — API data contract","SC3.3.2: OK/Skip button has a minimum tap target of 44px height"],"duration":1,"failureDetails":[],"failureMessages":[],"fullName":"S3.3: Mobile-first responsive layout — API data contract SC3.3.2: OK/Skip button has a minimum tap target of 44px height DropdownQuestion OK button class includes min-h-[44px]","invocations":1,"location":null,"numPassingAsserts":1,"retryReasons":[],"status":"passed","title":"DropdownQuestion OK button class includes min-h-[44px]"},{"ancestorTitles":["S3.3: Mobile-first responsive layout — API data contract","SC3.3.3: Question order field enables vertical stacking in the builder"],"duration":0,"failureDetails":[],"failureMessages":[],"fullName":"S3.3: Mobile-first responsive layout — API data contract SC3.3.3: Question order field enables vertical stacking in the builder order field is an integer starting at 0 for the first question","invocations":1,"location":null,"numPassingAsserts":3,"retryReasons":[],"status":"passed","title":"order field is an integer starting at 0 for the first question"},{"ancestorTitles":["S3.3: Mobile-first responsive layout — API data contract","SC3.3.3: Question order field enables vertical stacking in the builder"],"duration":0,"failureDetails":[],"failureMessages":[],"fullName":"S3.3: Mobile-first responsive layout — API data contract SC3.3.3: Question order field enables vertical stacking in the builder questions sorted by order produce a contiguous 0-based index","invocations":1,"location":null,"numPassingAsserts":3,"retryReasons":[],"status":"passed","title":"questions sorted by order produce a contiguous 0-based index"}],"endTime":1776350540707,"message":"","name":"/home/runner/work/interactive-surveys/interactive-surveys/tests/sprint-3/ui-components.test.ts","startTime":1776350539639,"status":"passed","summary":""},{"assertionResults":[{"ancestorTitles":["Sprint 3 — S6.1: Response summary overview","SC6.1.1: 10 complete + 3 partial → total=13, completionRate=77%"],"duration":193,"failureDetails":[],"failureMessages":[],"fullName":"Sprint 3 — S6.1: Response summary overview SC6.1.1: 10 complete + 3 partial → total=13, completionRate=77% returns correct totals and completion rate for mixed responses","invocations":1,"location":null,"numPassingAsserts":30,"retryReasons":[],"status":"passed","title":"returns correct totals and completion rate for mixed responses"},{"ancestorTitles":["Sprint 3 — S6.1: Response summary overview","SC6.1.1: 10 complete + 3 partial → total=13, completionRate=77%"],"duration":14,"failureDetails":[],"failureMessages":[],"fullName":"Sprint 3 — S6.1: Response summary overview SC6.1.1: 10 complete + 3 partial → total=13, completionRate=77% completionRate is 0 when no responses exist","invocations":1,"location":null,"numPassingAsserts":3,"retryReasons":[],"status":"passed","title":"completionRate is 0 when no responses exist"},{"ancestorTitles":["Sprint 3 — S6.1: Response summary overview","SC6.1.1: 10 complete + 3 partial → total=13, completionRate=77%"],"duration":53,"failureDetails":[],"failureMessages":[],"fullName":"Sprint 3 — S6.1: Response summary overview SC6.1.1: 10 complete + 3 partial → total=13, completionRate=77% completionRate is 100% when all responses are complete","invocations":1,"location":null,"numPassingAsserts":16,"retryReasons":[],"status":"passed","title":"completionRate is 100% when all responses are complete"},{"ancestorTitles":["Sprint 3 — S6.1: Response summary overview","SC6.1.1: 10 complete + 3 partial → total=13, completionRate=77%"],"duration":31,"failureDetails":[],"failureMessages":[],"fullName":"Sprint 3 — S6.1: Response summary overview SC6.1.1: 10 complete + 3 partial → total=13, completionRate=77% completionRate is 0% when all responses are partial","invocations":1,"location":null,"numPassingAsserts":10,"retryReasons":[],"status":"passed","title":"completionRate is 0% when all responses are partial"},{"ancestorTitles":["Sprint 3 — S6.1: Response summary overview","SC6.1.2: Response list includes timestamp and complete/partial status"],"duration":32,"failureDetails":[],"failureMessages":[],"fullName":"Sprint 3 — S6.1: Response summary overview SC6.1.2: Response list includes timestamp and complete/partial status each response has a createdAt timestamp and a status field","invocations":1,"location":null,"numPassingAsserts":14,"retryReasons":[],"status":"passed","title":"each response has a createdAt timestamp and a status field"},{"ancestorTitles":["Sprint 3 — S6.1: Response summary overview","SC6.1.2: Response list includes timestamp and complete/partial status"],"duration":33,"failureDetails":[],"failureMessages":[],"fullName":"Sprint 3 — S6.1: Response summary overview SC6.1.2: Response list includes timestamp and complete/partial status responses are returned in descending createdAt order","invocations":1,"location":null,"numPassingAsserts":7,"retryReasons":[],"status":"passed","title":"responses are returned in descending createdAt order"},{"ancestorTitles":["Sprint 3 — S6.1: Response summary overview","SC6.1.2: Response list includes timestamp and complete/partial status"],"duration":30,"failureDetails":[],"failureMessages":[],"fullName":"Sprint 3 — S6.1: Response summary overview SC6.1.2: Response list includes timestamp and complete/partial status each response includes answer count","invocations":1,"location":null,"numPassingAsserts":4,"retryReasons":[],"status":"passed","title":"each response includes answer count"},{"ancestorTitles":["Sprint 3 — S6.1: Response summary overview","SC6.1.2: Response list includes timestamp and complete/partial status"],"duration":28,"failureDetails":[],"failureMessages":[],"fullName":"Sprint 3 — S6.1: Response summary overview SC6.1.2: Response list includes timestamp and complete/partial status response correctly shows complete status after calling /complete","invocations":1,"location":null,"numPassingAsserts":8,"retryReasons":[],"status":"passed","title":"response correctly shows complete status after calling /complete"},{"ancestorTitles":["Sprint 3 — S6.1: Response summary overview","SC6.1.3: Survey with no responses → total=0 (UI shows \"No responses yet\")"],"duration":13,"failureDetails":[],"failureMessages":[],"fullName":"Sprint 3 — S6.1: Response summary overview SC6.1.3: Survey with no responses → total=0 (UI shows \"No responses yet\") returns total=0 and empty responses array for a new survey","invocations":1,"location":null,"numPassingAsserts":7,"retryReasons":[],"status":"passed","title":"returns total=0 and empty responses array for a new survey"},{"ancestorTitles":["Sprint 3 — S6.1: Response summary overview","SC6.1.3: Survey with no responses → total=0 (UI shows \"No responses yet\")"],"duration":12,"failureDetails":[],"failureMessages":[],"fullName":"Sprint 3 — S6.1: Response summary overview SC6.1.3: Survey with no responses → total=0 (UI shows \"No responses yet\") survey object is included in the response for zero-response surveys","invocations":1,"location":null,"numPassingAsserts":4,"retryReasons":[],"status":"passed","title":"survey object is included in the response for zero-response surveys"},{"ancestorTitles":["Sprint 3 — S6.1: Response summary overview","Auth: GET /responses without auth → 401"],"duration":10,"failureDetails":[],"failureMessages":[],"fullName":"Sprint 3 — S6.1: Response summary overview Auth: GET /responses without auth → 401 returns 401 when x-user-id header is absent","invocations":1,"location":null,"numPassingAsserts":2,"retryReasons":[],"status":"passed","title":"returns 401 when x-user-id header is absent"},{"ancestorTitles":["Sprint 3 — S6.1: Response summary overview","Not-found: GET /responses for nonexistent survey → 404"],"duration":7,"failureDetails":[],"failureMessages":[],"fullName":"Sprint 3 — S6.1: Response summary overview Not-found: GET /responses for nonexistent survey → 404 returns 404 when the survey does not exist","invocations":1,"location":null,"numPassingAsserts":1,"retryReasons":[],"status":"passed","title":"returns 404 when the survey does not exist"},{"ancestorTitles":["Sprint 3 — S6.1: Response summary overview","Cross-ownership: GET /responses for another user's survey → 404"],"duration":25,"failureDetails":[],"failureMessages":[],"fullName":"Sprint 3 — S6.1: Response summary overview Cross-ownership: GET /responses for another user's survey → 404 returns 404 when a different user tries to view response summary","invocations":1,"location":null,"numPassingAsserts":5,"retryReasons":[],"status":"passed","title":"returns 404 when a different user tries to view response summary"}],"endTime":1776350543659,"message":"","name":"/home/runner/work/interactive-surveys/interactive-surveys/tests/sprint-3/response-summary.test.ts","startTime":1776350539142,"status":"passed","summary":""}],"wasInterrupted":false}
